<?xml version="1.0" encoding="UTF-8"?>
<!-- Generated by org.testng.reporters.JUnitReportReporter -->
<testsuite hostname="LAPTOP-FQAD0GH9" failures="0" tests="1" name="com.restapi.AppTest" time="0.005" errors="0" timestamp="2023-10-22T13:09:41 IST" skipped="0">
  <testcase classname="com.restapi.AppTest" name="shouldAnswerWithTrue" time="0.005"/>
</testsuite> <!-- com.restapi.AppTest -->
