<?xml version="1.0" encoding="UTF-8"?>
<!-- Generated by org.testng.reporters.JUnitReportReporter -->
<testsuite hostname="LAPTOP-FQAD0GH9" failures="0" tests="4" name="com.restapi.test.BasicTests" time="7.091" errors="0" timestamp="2023-10-22T13:09:41 IST" skipped="0">
  <testcase classname="com.restapi.test.BasicTests" name="testPostUser" time="2.413"/>
  <testcase classname="com.restapi.test.BasicTests" name="testGetUserByName" time="1.167"/>
  <testcase classname="com.restapi.test.BasicTests" name="testUpdateUserByName" time="2.338"/>
  <testcase classname="com.restapi.test.BasicTests" name="testDeleteUserByName" time="1.173"/>
</testsuite> <!-- com.restapi.test.BasicTests -->
